F:\DYNAMICLIBRARY\DEBUG\RANDOMQUOTE.DLL
F:\DynamicLibrary\Debug\RandomQuote.exp
F:\DYNAMICLIBRARY\DEBUG\RANDOMQUOTE.ILK
F:\DynamicLibrary\Debug\RandomQuote.lib
F:\DYNAMICLIBRARY\DEBUG\RANDOMQUOTE.PDB
F:\DYNAMICLIBRARY\RANDOMQUOTE\DEBUG\.NETFRAMEWORK,VERSION=V4.0.ASSEMBLYATTRIBUTES.OBJ
F:\DynamicLibrary\RandomQuote\Debug\cl.command.1.tlog
F:\DynamicLibrary\RandomQuote\Debug\CL.read.1.tlog
F:\DynamicLibrary\RandomQuote\Debug\CL.write.1.tlog
F:\DynamicLibrary\RandomQuote\Debug\link.2328.read.1.tlog
F:\DynamicLibrary\RandomQuote\Debug\link.2328.write.1.tlog
F:\DynamicLibrary\RandomQuote\Debug\link.command.1.tlog
F:\DynamicLibrary\RandomQuote\Debug\link.read.1.tlog
F:\DynamicLibrary\RandomQuote\Debug\link.write.1.tlog
F:\DynamicLibrary\RandomQuote\Debug\metagen.read.1.tlog
F:\DynamicLibrary\RandomQuote\Debug\metagen.write.1.tlog
F:\DynamicLibrary\RandomQuote\Debug\mt.command.1.tlog
F:\DynamicLibrary\RandomQuote\Debug\mt.read.1.tlog
F:\DynamicLibrary\RandomQuote\Debug\mt.write.1.tlog
F:\DYNAMICLIBRARY\RANDOMQUOTE\DEBUG\RANDOMQUOTE.DLL.INTERMEDIATE.MANIFEST
F:\DynamicLibrary\RandomQuote\Debug\RandomQuote.write.1.tlog
F:\DYNAMICLIBRARY\RANDOMQUOTE\DEBUG\RANDOMQUOTEFUNCS.OBJ
F:\DynamicLibrary\RandomQuote\Debug\RSAENH.DLL.bi
F:\DynamicLibrary\RandomQuote\Debug\TZRES.DLL.bi
F:\DYNAMICLIBRARY\RANDOMQUOTE\DEBUG\VC100.PDB
