C:\USERS\POOBAT\DOCUMENTS\VISUAL STUDIO 2010\PROJECTS\DYNAMICLIBRARY\DEBUG\RANDOMQUOTEREF.EXE
C:\USERS\POOBAT\DOCUMENTS\VISUAL STUDIO 2010\PROJECTS\DYNAMICLIBRARY\DEBUG\RANDOMQUOTEREF.ILK
C:\USERS\POOBAT\DOCUMENTS\VISUAL STUDIO 2010\PROJECTS\DYNAMICLIBRARY\DEBUG\RANDOMQUOTEREF.PDB
C:\USERS\POOBAT\DOCUMENTS\VISUAL STUDIO 2010\PROJECTS\DYNAMICLIBRARY\RANDOMQUOTEREF\DEBUG\.NETFRAMEWORK,VERSION=V4.0.ASSEMBLYATTRIBUTES.OBJ
c:\Users\Poobat\documents\visual studio 2010\Projects\DynamicLibrary\RandomQuoteRef\Debug\cl.command.1.tlog
c:\Users\Poobat\documents\visual studio 2010\Projects\DynamicLibrary\RandomQuoteRef\Debug\CL.read.1.tlog
c:\Users\Poobat\documents\visual studio 2010\Projects\DynamicLibrary\RandomQuoteRef\Debug\CL.write.1.tlog
c:\Users\Poobat\documents\visual studio 2010\Projects\DynamicLibrary\RandomQuoteRef\Debug\link.2784.read.1.tlog
c:\Users\Poobat\documents\visual studio 2010\Projects\DynamicLibrary\RandomQuoteRef\Debug\link.2784.write.1.tlog
c:\Users\Poobat\documents\visual studio 2010\Projects\DynamicLibrary\RandomQuoteRef\Debug\link.3536.read.1.tlog
c:\Users\Poobat\documents\visual studio 2010\Projects\DynamicLibrary\RandomQuoteRef\Debug\link.3536.write.1.tlog
c:\Users\Poobat\documents\visual studio 2010\Projects\DynamicLibrary\RandomQuoteRef\Debug\link.4200.read.1.tlog
c:\Users\Poobat\documents\visual studio 2010\Projects\DynamicLibrary\RandomQuoteRef\Debug\link.4200.write.1.tlog
c:\Users\Poobat\documents\visual studio 2010\Projects\DynamicLibrary\RandomQuoteRef\Debug\link.4300.read.1.tlog
c:\Users\Poobat\documents\visual studio 2010\Projects\DynamicLibrary\RandomQuoteRef\Debug\link.4300.write.1.tlog
c:\Users\Poobat\documents\visual studio 2010\Projects\DynamicLibrary\RandomQuoteRef\Debug\link.5048.read.1.tlog
c:\Users\Poobat\documents\visual studio 2010\Projects\DynamicLibrary\RandomQuoteRef\Debug\link.5048.write.1.tlog
c:\Users\Poobat\documents\visual studio 2010\Projects\DynamicLibrary\RandomQuoteRef\Debug\link.5996.read.1.tlog
c:\Users\Poobat\documents\visual studio 2010\Projects\DynamicLibrary\RandomQuoteRef\Debug\link.5996.write.1.tlog
c:\Users\Poobat\documents\visual studio 2010\Projects\DynamicLibrary\RandomQuoteRef\Debug\link.6120.read.1.tlog
c:\Users\Poobat\documents\visual studio 2010\Projects\DynamicLibrary\RandomQuoteRef\Debug\link.6120.write.1.tlog
c:\Users\Poobat\documents\visual studio 2010\Projects\DynamicLibrary\RandomQuoteRef\Debug\link.command.1.tlog
c:\Users\Poobat\documents\visual studio 2010\Projects\DynamicLibrary\RandomQuoteRef\Debug\link.read.1.tlog
c:\Users\Poobat\documents\visual studio 2010\Projects\DynamicLibrary\RandomQuoteRef\Debug\link.write.1.tlog
c:\Users\Poobat\documents\visual studio 2010\Projects\DynamicLibrary\RandomQuoteRef\Debug\metagen.read.1.tlog
c:\Users\Poobat\documents\visual studio 2010\Projects\DynamicLibrary\RandomQuoteRef\Debug\metagen.write.1.tlog
c:\Users\Poobat\documents\visual studio 2010\Projects\DynamicLibrary\RandomQuoteRef\Debug\mt.command.1.tlog
c:\Users\Poobat\documents\visual studio 2010\Projects\DynamicLibrary\RandomQuoteRef\Debug\mt.read.1.tlog
c:\Users\Poobat\documents\visual studio 2010\Projects\DynamicLibrary\RandomQuoteRef\Debug\mt.write.1.tlog
C:\USERS\POOBAT\DOCUMENTS\VISUAL STUDIO 2010\PROJECTS\DYNAMICLIBRARY\RANDOMQUOTEREF\DEBUG\RANDOMQUOTEREF.EXE.INTERMEDIATE.MANIFEST
C:\USERS\POOBAT\DOCUMENTS\VISUAL STUDIO 2010\PROJECTS\DYNAMICLIBRARY\RANDOMQUOTEREF\DEBUG\RANDOMQUOTEREF.OBJ
c:\Users\Poobat\documents\visual studio 2010\Projects\DynamicLibrary\RandomQuoteRef\Debug\RandomQuoteRef.write.1.tlog
c:\Users\Poobat\documents\visual studio 2010\Projects\DynamicLibrary\RandomQuoteRef\Debug\ResolveAssemblyReference.cache
c:\Users\Poobat\documents\visual studio 2010\Projects\DynamicLibrary\RandomQuoteRef\Debug\RSAENH.DLL.bi
c:\Users\Poobat\documents\visual studio 2010\Projects\DynamicLibrary\RandomQuoteRef\Debug\TZRES.DLL.bi
c:\Users\Poobat\documents\visual studio 2010\Projects\DynamicLibrary\RandomQuoteRef\Debug\vc100.idb
C:\USERS\POOBAT\DOCUMENTS\VISUAL STUDIO 2010\PROJECTS\DYNAMICLIBRARY\RANDOMQUOTEREF\DEBUG\VC100.PDB
